[2024-10-28T19:14:51.076080+00:00] MiLogger.INFO: El jugador Danielmueve a la columna4 [] []
[2024-10-28T19:14:53.462889+00:00] MiLogger.INFO: El jugador Danielmueve a la columna3 [] []
[2024-10-28T19:14:54.573806+00:00] MiLogger.INFO: El jugador Danielmueve a la columna3 [] []
[2024-10-28T19:14:55.392540+00:00] MiLogger.INFO: El jugador Danielmueve a la columna3 [] []
[2024-10-28T19:14:57.108832+00:00] MiLogger.INFO: El jugador Danielmueve a la columna6 [] []
[2024-10-28T19:14:58.521903+00:00] MiLogger.INFO: El jugador Danielmueve a la columna7 [] []
[2024-10-28T19:19:12.313210+00:00] MiLogger.INFO: El jugador Daniel mueve a la columna 3 [] []
[2024-10-28T19:19:12.581285+00:00] MiLogger.INFO: El jugador Alvarito mueve a la columna 4 [] []
[2024-10-28T19:19:12.939240+00:00] MiLogger.INFO: El jugador Daniel mueve a la columna 3 [] []
[2024-10-28T19:19:13.188019+00:00] MiLogger.INFO: El jugador Alvarito mueve a la columna 5 [] []
[2024-10-28T19:19:13.485698+00:00] MiLogger.INFO: El jugador Daniel mueve a la columna 3 [] []
[2024-10-28T19:20:23.323596+00:00] MiLogger.INFO: El jugador Alvarito mueve a la columna 4 [] []
[2024-10-28T19:20:23.731465+00:00] MiLogger.INFO: El jugador Daniel mueve a la columna 3 [] []
[2024-10-28T19:20:26.416918+00:00] MiLogger.INFO: El jugador Daniel mueve a la columna 1 [] []
[2024-10-28T19:20:26.680635+00:00] MiLogger.INFO: El jugador Alvarito mueve a la columna 5 [] []
[2024-10-28T19:20:26.983736+00:00] MiLogger.INFO: El jugador Daniel mueve a la columna 1 [] []
[2024-10-28T19:20:27.107373+00:00] MiLogger.INFO: El jugador Alvarito mueve a la columna 3 [] []
[2024-10-28T19:20:27.447852+00:00] MiLogger.INFO: El jugador Daniel mueve a la columna 1 [] []
[2024-10-28T19:20:27.730803+00:00] MiLogger.INFO: El jugador Alvarito mueve a la columna 5 [] []
[2024-10-28T19:20:27.900789+00:00] MiLogger.INFO: El jugador Daniel mueve a la columna 1 [] []
[2024-10-28T19:20:36.782535+00:00] MiLogger.INFO: El jugador Daniel mueve a la columna 4 [] []
[2024-10-28T19:20:38.481869+00:00] MiLogger.INFO: El jugador Alvarito mueve a la columna 4 [] []
[2024-10-28T19:20:39.615260+00:00] MiLogger.INFO: El jugador Daniel mueve a la columna 4 [] []
[2024-10-28T19:20:40.327856+00:00] MiLogger.INFO: El jugador Alvarito mueve a la columna 5 [] []
[2024-10-28T19:20:41.365299+00:00] MiLogger.INFO: El jugador Daniel mueve a la columna 4 [] []
[2024-10-28T19:20:42.234258+00:00] MiLogger.INFO: El jugador Alvarito mueve a la columna 4 [] []
[2024-10-28T19:20:43.136813+00:00] MiLogger.INFO: El jugador Daniel mueve a la columna 4 [] []
[2024-10-28T19:20:44.990458+00:00] MiLogger.INFO: El jugador Alvarito mueve a la columna 3 [] []
[2024-10-28T19:20:45.795384+00:00] MiLogger.INFO: El jugador Daniel mueve a la columna 4 [] []
[2024-10-28T19:20:46.984411+00:00] MiLogger.INFO: El jugador Alvarito mueve a la columna 6 [] []
[2024-10-28T19:20:48.424103+00:00] MiLogger.INFO: El jugador Daniel mueve a la columna 4 [] []
[2024-10-28T19:20:49.392696+00:00] MiLogger.INFO: El jugador Alvarito mueve a la columna 6 [] []
[2024-10-28T19:20:50.241504+00:00] MiLogger.INFO: El jugador Daniel mueve a la columna 4 [] []
[2024-10-28T19:20:51.225763+00:00] MiLogger.INFO: El jugador Alvarito mueve a la columna 5 [] []
[2024-10-28T19:20:51.586491+00:00] MiLogger.INFO: El jugador Daniel mueve a la columna 4 [] []
[2024-10-28T19:20:51.826664+00:00] MiLogger.INFO: El jugador Alvarito mueve a la columna  [] []
[2024-10-28T19:29:42.267462+00:00] MiLogger.INFO: El jugador Daniel mueve a la columna 4 [] []
[2024-10-28T19:29:42.947244+00:00] MiLogger.INFO: El jugador Alvarito mueve a la columna 3 [] []
[2024-10-28T19:29:43.743438+00:00] MiLogger.INFO: El jugador Daniel mueve a la columna 5 [] []
[2024-10-28T19:29:44.231055+00:00] MiLogger.INFO: El jugador Alvarito mueve a la columna 4 [] []
[2024-10-28T19:30:37.815205+00:00] MiLogger.INFO: El jugador Daniel mueve a la columna 5 [] []
[2024-10-28T19:30:39.246865+00:00] MiLogger.INFO: El jugador Alvarito mueve a la columna 3 [] []
[2024-10-28T19:30:41.334103+00:00] MiLogger.INFO: El jugador Daniel mueve a la columna 4 [] []
[2024-10-28T19:30:42.350263+00:00] MiLogger.INFO: El jugador Alvarito mueve a la columna 3 [] []
[2024-10-28T19:30:43.334750+00:00] MiLogger.INFO: El jugador Daniel mueve a la columna 1 [] []
[2024-10-28T19:30:44.708430+00:00] MiLogger.INFO: El jugador Alvarito mueve a la columna 5 [] []
[2024-10-28T19:30:45.789115+00:00] MiLogger.INFO: El jugador Daniel mueve a la columna 1 [] []
[2024-10-28T19:30:47.533582+00:00] MiLogger.INFO: El jugador Alvarito mueve a la columna 4 [] []
[2024-10-28T19:30:48.280766+00:00] MiLogger.INFO: El jugador Daniel mueve a la columna 1 [] []
[2024-10-28T19:30:48.943712+00:00] MiLogger.INFO: El jugador Alvarito mueve a la columna 5 [] []
[2024-10-28T19:30:51.002924+00:00] MiLogger.INFO: El jugador Daniel mueve a la columna 2 [] []
[2024-10-28T19:30:52.577012+00:00] MiLogger.INFO: El jugador Alvarito mueve a la columna 4 [] []
[2024-10-28T19:30:54.281870+00:00] MiLogger.INFO: El jugador Daniel mueve a la columna 2 [] []
[2024-10-28T19:30:55.721583+00:00] MiLogger.INFO: El jugador Alvarito mueve a la columna 3 [] []
[2024-10-28T19:30:56.303177+00:00] MiLogger.INFO: El jugador Daniel mueve a la columna 4 [] []
[2024-10-28T19:30:57.406995+00:00] MiLogger.INFO: El jugador Alvarito mueve a la columna 4 [] []
[2024-10-28T19:30:59.125848+00:00] MiLogger.INFO: El jugador Daniel mueve a la columna 4 [] []
[2024-10-28T19:31:00.924725+00:00] MiLogger.INFO: El jugador Alvarito mueve a la columna 5 [] []
[2024-10-28T19:33:58.472048+00:00] MiLogger.INFO: El jugador Daniel mueve a la columna 4 [] []
[2024-10-28T19:33:59.115027+00:00] MiLogger.INFO: El jugador Alvarito mueve a la columna 4 [] []
[2024-10-28T19:33:59.724001+00:00] MiLogger.INFO: El jugador Daniel mueve a la columna 4 [] []
[2024-10-28T19:34:00.344054+00:00] MiLogger.INFO: El jugador Alvarito mueve a la columna 3 [] []
[2024-10-28T19:34:01.127849+00:00] MiLogger.INFO: El jugador Daniel mueve a la columna 4 [] []
[2024-10-28T19:34:01.753441+00:00] MiLogger.INFO: El jugador Alvarito mueve a la columna 3 [] []
[2024-10-28T19:34:02.459496+00:00] MiLogger.INFO: El jugador Daniel mueve a la columna 4 [] []
[2024-10-28T19:34:03.006244+00:00] MiLogger.INFO: El jugador Alvarito mueve a la columna 5 [] []
[2024-10-28T19:34:06.551647+00:00] MiLogger.INFO: El jugador Daniel mueve a la columna 5 [] []
[2024-10-28T19:34:07.199407+00:00] MiLogger.INFO: El jugador Alvarito mueve a la columna 3 [] []
[2024-10-28T19:34:09.077813+00:00] MiLogger.INFO: El jugador Daniel mueve a la columna 3 [] []
[2024-10-28T19:34:11.222113+00:00] MiLogger.INFO: El jugador Alvarito mueve a la columna 3 [] []
[2024-10-28T19:34:12.418884+00:00] MiLogger.INFO: El jugador Daniel mueve a la columna 3 [] []
[2024-10-28T19:34:13.977765+00:00] MiLogger.INFO: El jugador Alvarito mueve a la columna 4 [] []
[2024-10-28T19:34:15.528642+00:00] MiLogger.ERROR: Error, columna 3llena. [] []
[2024-10-28T19:34:16.508632+00:00] MiLogger.ERROR: Error, columna 3llena. [] []
[2024-10-28T19:34:17.249570+00:00] MiLogger.ERROR: Error, columna 3llena. [] []
[2024-10-28T19:34:18.860201+00:00] MiLogger.ERROR: Error, columna 4llena. [] []
[2024-10-28T19:34:19.083070+00:00] MiLogger.ERROR: Error, columna 4llena. [] []
[2024-10-28T19:34:19.379913+00:00] MiLogger.ERROR: Error, columna 4llena. [] []
